[GIN] 2023/06/17 - 17:55:45 | 400 |      56.969µs |             ::1 | POST     "/signin"
[GIN] 2023/06/17 - 17:56:01 | 200 |     122.472µs |             ::1 | GET      "/"
[GIN] 2023/06/17 - 17:56:02 | 200 |      44.432µs |             ::1 | GET      "/"
[GIN] 2023/06/17 - 17:56:06 | 404 |         103ns |             ::1 | GET      "/login"
[GIN] 2023/06/17 - 18:02:11 | 401 |  998.859726ms |             ::1 | POST     "/signin"
[GIN] 2023/06/17 - 18:04:58 | 200 |  1.365298603s |             ::1 | POST     "/signin"
[GIN] 2023/06/17 - 18:09:19 | 400 |   433.85181ms |             ::1 | POST     "/signup"
[GIN] 2023/06/17 - 18:09:28 | 201 |  1.132687233s |             ::1 | POST     "/signup"
[GIN] 2023/06/17 - 18:09:34 | 400 |   39.292788ms |             ::1 | POST     "/signin"
[GIN] 2023/06/17 - 18:09:51 | 400 |   81.006044ms |             ::1 | POST     "/signup"
[GIN] 2023/06/17 - 18:11:53 | 400 |  350.545686ms |             ::1 | POST     "/signup"
[GIN] 2023/06/17 - 18:12:19 | 400 |  528.813512ms |             ::1 | POST     "/signup"
[GIN] 2023/06/17 - 18:13:18 | 400 |  432.578903ms |             ::1 | POST     "/signup"
[GIN] 2023/06/17 - 23:13:19 | 201 |  5.174181897s |             ::1 | POST     "/signup"
[GIN] 2023/06/17 - 23:13:49 | 201 |  1.115877023s |             ::1 | POST     "/signup"
[GIN] 2023/06/17 - 23:14:52 | 400 |  314.229605ms |             ::1 | POST     "/signup"
[GIN] 2023/06/17 - 23:14:59 | 400 |   88.190523ms |             ::1 | POST     "/signup"
[GIN] 2023/06/17 - 23:18:54 | 201 |  2.460228991s |             ::1 | POST     "/signup"
[GIN] 2023/06/17 - 23:19:44 | 200 |  1.066882614s |             ::1 | POST     "/signin"
[GIN] 2023/06/17 - 23:50:40 | 200 |  1.369388908s |             ::1 | POST     "/signin"
[GIN] 2023/06/18 - 00:10:39 | 400 |      261.95µs |             ::1 | POST     "/refresh-token"
[GIN] 2023/06/18 - 00:11:47 | 500 |  360.065265ms |             ::1 | POST     "/refresh-token"
[GIN] 2023/06/18 - 00:12:19 | 500 |  304.678224ms |             ::1 | POST     "/refresh-token"
[GIN] 2023/06/18 - 00:12:35 | 200 |   1.04194411s |             ::1 | POST     "/signin"
[GIN] 2023/06/18 - 00:15:15 | 200 |  312.042539ms |             ::1 | POST     "/refresh-token"
[GIN] 2023/06/18 - 00:17:23 | 200 |  357.865593ms |             ::1 | POST     "/refresh-token"
